android/build/intermediates/manifest_merge_blame_file/release/manifest-merger-blame-release-report.txt
1<?xml version="1.0" encoding="utf-8"?>
2<manifest xmlns:android="http://schemas.android.com/apk/res/android"
3    package="com.huawei.hms.rn.push" >
4
5    <uses-sdk
6        android:minSdkVersion="19"
6-->src/main/AndroidManifest.xml
7        android:targetSdkVersion="33" />
7-->src/main/AndroidManifest.xml
8
9    <uses-permission android:name="android.permission.ACCESS_NETWORK_STATE" />
9-->src/main/AndroidManifest.xml:5:5-79
9-->src/main/AndroidManifest.xml:5:22-76
10
11    <application>
11-->src/main/AndroidManifest.xml:6:5-15:19
12        <service android:name="com.huawei.hms.rn.push.services.MessagingHeadlessService" />
12-->src/main/AndroidManifest.xml:7:9-92
12-->src/main/AndroidManifest.xml:7:18-89
13        <service
13-->src/main/AndroidManifest.xml:8:9-14:19
14            android:name="com.huawei.hms.rn.push.remote.HmsPushMessageService"
14-->src/main/AndroidManifest.xml:9:13-79
15            android:exported="false" >
15-->src/main/AndroidManifest.xml:10:13-37
16            <intent-filter>
16-->src/main/AndroidManifest.xml:11:13-13:29
17                <action android:name="com.huawei.push.action.MESSAGING_EVENT" />
17-->src/main/AndroidManifest.xml:12:17-81
17-->src/main/AndroidManifest.xml:12:25-78
18            </intent-filter>
19        </service>
20    </application>
21
22</manifest>